nohup: ignoring input
Starting MicroSpringBoot
Registered: /greeting -> com.example.demo.examples.GreetingController.greeting
Listo para recibir ...
Path: /
Received: GET / HTTP/1.1
Received: Host: localhost:35000
Received: Connection: keep-alive
Received: sec-ch-ua: "Not;A=Brand";v="99", "Brave";v="139", "Chromium";v="139"
Received: sec-ch-ua-mobile: ?0
Received: sec-ch-ua-platform: "Linux"
Received: Upgrade-Insecure-Requests: 1
Received: User-Agent: Mozilla/5.0 (X11; Linux x86_64) AppleWebKit/537.36 (KHTML, like Gecko) Chrome/139.0.0.0 Safari/537.36
Received: Accept: text/html,application/xhtml+xml,application/xml;q=0.9,image/avif,image/webp,image/apng,*/*;q=0.8
Received: Sec-GPC: 1
Received: Accept-Language: en-US,en;q=0.8
Received: Sec-Fetch-Site: none
Received: Sec-Fetch-Mode: navigate
Received: Sec-Fetch-User: ?1
Received: Sec-Fetch-Dest: document
Received: Accept-Encoding: gzip, deflate, br, zstd
Received: 
Requesting static resource: webroot/index.html
Listo para recibir ...
Path: /.well-known/appspecific/com.chrome.devtools.json
Received: GET /.well-known/appspecific/com.chrome.devtools.json HTTP/1.1
Received: Host: localhost:35000
Received: Connection: keep-alive
Received: Sec-Fetch-Site: same-origin
Received: Sec-Fetch-Mode: no-cors
Received: Sec-Fetch-Dest: empty
Received: User-Agent: Mozilla/5.0 (X11; Linux x86_64) AppleWebKit/537.36 (KHTML, like Gecko) Chrome/139.0.0.0 Safari/537.36
Received: Accept-Encoding: gzip, deflate, br, zstd
Received: Accept-Language: en-US,en;q=0.9
Received: 
Requesting static resource: webroot/.well-known/appspecific/com.chrome.devtools.json
Static resource not found: webroot/.well-known/appspecific/com.chrome.devtools.json
Listo para recibir ...
Path: /styles.css
Received: GET /styles.css HTTP/1.1
Received: Host: localhost:35000
Received: Connection: keep-alive
Received: sec-ch-ua-platform: "Linux"
Received: User-Agent: Mozilla/5.0 (X11; Linux x86_64) AppleWebKit/537.36 (KHTML, like Gecko) Chrome/139.0.0.0 Safari/537.36
Received: sec-ch-ua: "Not;A=Brand";v="99", "Brave";v="139", "Chromium";v="139"
Received: sec-ch-ua-mobile: ?0
Received: Accept: text/css,*/*;q=0.1
Received: Sec-GPC: 1
Received: Accept-Language: en-US,en;q=0.8
Received: Sec-Fetch-Site: same-origin
Received: Sec-Fetch-Mode: no-cors
Received: Sec-Fetch-Dest: style
Received: Referer: http://localhost:35000/
Received: Accept-Encoding: gzip, deflate, br, zstd
Received: 
Requesting static resource: webroot/styles.css
Listo para recibir ...
Path: /app.js
Received: GET /app.js HTTP/1.1
Received: Host: localhost:35000
Received: Connection: keep-alive
Received: sec-ch-ua-platform: "Linux"
Received: User-Agent: Mozilla/5.0 (X11; Linux x86_64) AppleWebKit/537.36 (KHTML, like Gecko) Chrome/139.0.0.0 Safari/537.36
Received: sec-ch-ua: "Not;A=Brand";v="99", "Brave";v="139", "Chromium";v="139"
Received: sec-ch-ua-mobile: ?0
Received: Accept: */*
Received: Sec-GPC: 1
Received: Accept-Language: en-US,en;q=0.8
Received: Sec-Fetch-Site: same-origin
Received: Sec-Fetch-Mode: no-cors
Received: Sec-Fetch-Dest: script
Received: Referer: http://localhost:35000/
Received: Accept-Encoding: gzip, deflate, br, zstd
Received: 
Requesting static resource: webroot/app.js
Listo para recibir ...
Path: /img/logo.jpg
Received: GET /img/logo.jpg HTTP/1.1
Received: Host: localhost:35000
Received: Connection: keep-alive
Received: sec-ch-ua-platform: "Linux"
Received: User-Agent: Mozilla/5.0 (X11; Linux x86_64) AppleWebKit/537.36 (KHTML, like Gecko) Chrome/139.0.0.0 Safari/537.36
Received: sec-ch-ua: "Not;A=Brand";v="99", "Brave";v="139", "Chromium";v="139"
Received: sec-ch-ua-mobile: ?0
Received: Accept: image/avif,image/webp,image/apng,image/svg+xml,image/*,*/*;q=0.8
Received: Sec-GPC: 1
Received: Accept-Language: en-US,en;q=0.8
Received: Sec-Fetch-Site: same-origin
Received: Sec-Fetch-Mode: no-cors
Received: Sec-Fetch-Dest: image
Received: Referer: http://localhost:35000/
Received: Accept-Encoding: gzip, deflate, br, zstd
Received: 
Requesting static resource: webroot/img/logo.jpg
Static resource not found: webroot/img/logo.jpg
Listo para recibir ...
Path: /hello
Received: GET /hello?name=John HTTP/1.1
Received: Host: localhost:35000
Received: Connection: keep-alive
Received: sec-ch-ua-platform: "Linux"
Received: User-Agent: Mozilla/5.0 (X11; Linux x86_64) AppleWebKit/537.36 (KHTML, like Gecko) Chrome/139.0.0.0 Safari/537.36
Received: sec-ch-ua: "Not;A=Brand";v="99", "Brave";v="139", "Chromium";v="139"
Received: sec-ch-ua-mobile: ?0
Received: Accept: */*
Received: Sec-GPC: 1
Received: Accept-Language: en-US,en;q=0.8
Received: Sec-Fetch-Site: same-origin
Received: Sec-Fetch-Mode: cors
Received: Sec-Fetch-Dest: empty
Received: Referer: http://localhost:35000/
Received: Accept-Encoding: gzip, deflate, br, zstd
Received: 
Listo para recibir ...
Path: /hellopost
Received: POST /hellopost?name=John HTTP/1.1
Received: Host: localhost:35000
Received: Connection: keep-alive
Received: Content-Length: 0
Received: sec-ch-ua-platform: "Linux"
Received: User-Agent: Mozilla/5.0 (X11; Linux x86_64) AppleWebKit/537.36 (KHTML, like Gecko) Chrome/139.0.0.0 Safari/537.36
Received: sec-ch-ua: "Not;A=Brand";v="99", "Brave";v="139", "Chromium";v="139"
Received: sec-ch-ua-mobile: ?0
Received: Accept: */*
Received: Sec-GPC: 1
Received: Accept-Language: en-US,en;q=0.8
Received: Origin: http://localhost:35000
Received: Sec-Fetch-Site: same-origin
Received: Sec-Fetch-Mode: cors
Received: Sec-Fetch-Dest: empty
Received: Referer: http://localhost:35000/
Received: Accept-Encoding: gzip, deflate, br, zstd
Received: 
Listo para recibir ...
Path: /hello
Received: GET /hello?name=pepe HTTP/1.1
Received: Host: localhost:35000
Received: Connection: keep-alive
Received: sec-ch-ua-platform: "Linux"
Received: User-Agent: Mozilla/5.0 (X11; Linux x86_64) AppleWebKit/537.36 (KHTML, like Gecko) Chrome/139.0.0.0 Safari/537.36
Received: sec-ch-ua: "Not;A=Brand";v="99", "Brave";v="139", "Chromium";v="139"
Received: sec-ch-ua-mobile: ?0
Received: Accept: */*
Received: Sec-GPC: 1
Received: Accept-Language: en-US,en;q=0.8
Received: Sec-Fetch-Site: same-origin
Received: Sec-Fetch-Mode: cors
Received: Sec-Fetch-Dest: empty
Received: Referer: http://localhost:35000/
Received: Accept-Encoding: gzip, deflate, br, zstd
Received: 
Listo para recibir ...
Path: /hello
Received: GET /hello?name=Pedro HTTP/1.1
Received: Host: localhost:35000
Received: Connection: keep-alive
Received: sec-ch-ua: "Not;A=Brand";v="99", "Brave";v="139", "Chromium";v="139"
Received: sec-ch-ua-mobile: ?0
Received: sec-ch-ua-platform: "Linux"
Received: Upgrade-Insecure-Requests: 1
Received: User-Agent: Mozilla/5.0 (X11; Linux x86_64) AppleWebKit/537.36 (KHTML, like Gecko) Chrome/139.0.0.0 Safari/537.36
Received: Accept: text/html,application/xhtml+xml,application/xml;q=0.9,image/avif,image/webp,image/apng,*/*;q=0.8
Received: Sec-GPC: 1
Received: Accept-Language: en-US,en;q=0.8
Received: Sec-Fetch-Site: same-origin
Received: Sec-Fetch-Mode: navigate
Received: Sec-Fetch-User: ?1
Received: Sec-Fetch-Dest: document
Received: Referer: http://localhost:35000/
Received: Accept-Encoding: gzip, deflate, br, zstd
Received: 
Listo para recibir ...
Path: /pi
Received: GET /pi HTTP/1.1
Received: Host: localhost:35000
Received: Connection: keep-alive
Received: sec-ch-ua: "Not;A=Brand";v="99", "Brave";v="139", "Chromium";v="139"
Received: sec-ch-ua-mobile: ?0
Received: sec-ch-ua-platform: "Linux"
Received: Upgrade-Insecure-Requests: 1
Received: User-Agent: Mozilla/5.0 (X11; Linux x86_64) AppleWebKit/537.36 (KHTML, like Gecko) Chrome/139.0.0.0 Safari/537.36
Received: Accept: text/html,application/xhtml+xml,application/xml;q=0.9,image/avif,image/webp,image/apng,*/*;q=0.8
Received: Sec-GPC: 1
Received: Accept-Language: en-US,en;q=0.8
Received: Sec-Fetch-Site: same-origin
Received: Sec-Fetch-Mode: navigate
Received: Sec-Fetch-User: ?1
Received: Sec-Fetch-Dest: document
Received: Referer: http://localhost:35000/
Received: Accept-Encoding: gzip, deflate, br, zstd
Received: 
Requesting static resource: webroot/pi
Static resource not found: webroot/pi
Listo para recibir ...
Path: /pi
Received: GET /pi HTTP/1.1
Received: Host: localhost:35000
Received: Connection: keep-alive
Received: sec-ch-ua: "Not;A=Brand";v="99", "Brave";v="139", "Chromium";v="139"
Received: sec-ch-ua-mobile: ?0
Received: sec-ch-ua-platform: "Linux"
Received: Upgrade-Insecure-Requests: 1
Received: User-Agent: Mozilla/5.0 (X11; Linux x86_64) AppleWebKit/537.36 (KHTML, like Gecko) Chrome/139.0.0.0 Safari/537.36
Received: Accept: text/html,application/xhtml+xml,application/xml;q=0.9,image/avif,image/webp,image/apng,*/*;q=0.8
Received: Sec-GPC: 1
Received: Accept-Language: en-US,en;q=0.8
Received: Sec-Fetch-Site: same-origin
Received: Sec-Fetch-Mode: navigate
Received: Sec-Fetch-User: ?1
Received: Sec-Fetch-Dest: document
Received: Referer: http://localhost:35000/
Received: Accept-Encoding: gzip, deflate, br, zstd
Received: 
Requesting static resource: webroot/pi
Static resource not found: webroot/pi
Listo para recibir ...
Path: /info
Received: GET /info HTTP/1.1
Received: Host: localhost:35000
Received: Connection: keep-alive
Received: sec-ch-ua: "Not;A=Brand";v="99", "Brave";v="139", "Chromium";v="139"
Received: sec-ch-ua-mobile: ?0
Received: sec-ch-ua-platform: "Linux"
Received: Upgrade-Insecure-Requests: 1
Received: User-Agent: Mozilla/5.0 (X11; Linux x86_64) AppleWebKit/537.36 (KHTML, like Gecko) Chrome/139.0.0.0 Safari/537.36
Received: Accept: text/html,application/xhtml+xml,application/xml;q=0.9,image/avif,image/webp,image/apng,*/*;q=0.8
Received: Sec-GPC: 1
Received: Accept-Language: en-US,en;q=0.8
Received: Sec-Fetch-Site: same-origin
Received: Sec-Fetch-Mode: navigate
Received: Sec-Fetch-User: ?1
Received: Sec-Fetch-Dest: document
Received: Referer: http://localhost:35000/
Received: Accept-Encoding: gzip, deflate, br, zstd
Received: 
Requesting static resource: webroot/info
Static resource not found: webroot/info
Listo para recibir ...
Path: /styles.css
Received: GET /styles.css HTTP/1.1
Received: Host: localhost:35000
Received: Connection: keep-alive
Received: sec-ch-ua: "Not;A=Brand";v="99", "Brave";v="139", "Chromium";v="139"
Received: sec-ch-ua-mobile: ?0
Received: sec-ch-ua-platform: "Linux"
Received: Upgrade-Insecure-Requests: 1
Received: User-Agent: Mozilla/5.0 (X11; Linux x86_64) AppleWebKit/537.36 (KHTML, like Gecko) Chrome/139.0.0.0 Safari/537.36
Received: Accept: text/html,application/xhtml+xml,application/xml;q=0.9,image/avif,image/webp,image/apng,*/*;q=0.8
Received: Sec-GPC: 1
Received: Accept-Language: en-US,en;q=0.8
Received: Sec-Fetch-Site: same-origin
Received: Sec-Fetch-Mode: navigate
Received: Sec-Fetch-User: ?1
Received: Sec-Fetch-Dest: document
Received: Referer: http://localhost:35000/
Received: Accept-Encoding: gzip, deflate, br, zstd
Received: 
Requesting static resource: webroot/styles.css
Listo para recibir ...
Path: /info
Received: GET /info HTTP/1.1
Received: Host: localhost:35000
Received: Connection: keep-alive
Received: sec-ch-ua: "Not;A=Brand";v="99", "Brave";v="139", "Chromium";v="139"
Received: sec-ch-ua-mobile: ?0
Received: sec-ch-ua-platform: "Linux"
Received: Upgrade-Insecure-Requests: 1
Received: User-Agent: Mozilla/5.0 (X11; Linux x86_64) AppleWebKit/537.36 (KHTML, like Gecko) Chrome/139.0.0.0 Safari/537.36
Received: Accept: text/html,application/xhtml+xml,application/xml;q=0.9,image/avif,image/webp,image/apng,*/*;q=0.8
Received: Sec-GPC: 1
Received: Accept-Language: en-US,en;q=0.8
Received: Sec-Fetch-Site: none
Received: Sec-Fetch-Mode: navigate
Received: Sec-Fetch-User: ?1
Received: Sec-Fetch-Dest: document
Received: Accept-Encoding: gzip, deflate, br, zstd
Received: 
Requesting static resource: webroot/info
Static resource not found: webroot/info
Listo para recibir ...
